    ======  ======
    Time:4/30/2018 8:57:40 PM
    Title: Initiate log
    Message: 
    Time:4/30/2018 8:57:40 PM
    Title: Initiate InternalManager
    Message: Trying to Validate License
    Time:4/30/2018 8:57:40 PM
    Title: Requesting EVT
    Message: EVTP
    Time:4/30/2018 8:57:40 PM
    Title: Requesting Validation
    Message: ILMValidate
    Time:4/30/2018 8:57:42 PM
    Title: LICENSER
    Message: TRL MODE
    Time:4/30/2018 8:57:42 PM
    Title: LICENSER
    Message: DS LEFT-266
    Time:4/30/2018 8:57:42 PM
    Title: LICENSER
    Message: DT MARK PASSED-266.00:00:00
    Time:4/30/2018 8:57:42 PM
    Title: ILMValidate action
    Message: LIC
    Time:4/30/2018 8:57:52 PM
    Title: Access to the path 'C:\ProgramData\Telerik\Hash.lic' is denied.
    Message:    at System.IO.__Error.WinIOError(Int32 errorCode, String maybeFullPath)
   at System.IO.FileStream.Init(String path, FileMode mode, FileAccess access, Int32 rights, Boolean useRights, FileShare share, Int32 bufferSize, FileOptions options, SECURITY_ATTRIBUTES secAttrs, String msgPath, Boolean bFromProxy, Boolean useLongPath, Boolean checkHost)
   at System.IO.FileStream..ctor(String path, FileMode mode, FileAccess access, FileShare share)
   at Telerik.Licensing.Licenser.ReadHashPass()
    Time:4/30/2018 8:57:52 PM
    Title: LICENSER - TGO
    Message: Start
    Entering constructor for: Telerik.CommonPackage.Telerik_CommonPackagePackage
    Entering Initialize() of: Telerik.CommonPackage.Telerik_CommonPackagePackage
    Time:4/30/2018 8:58:07 PM
    Title: LICENSER - TGO
    Message: Object reference not set to an instance of an object.
    TFS Code Sense History Data Service singlton created
n created
n created
